0 info it worked if it ends with ok
1 verbose cli [ 'D:\\Program Files\\nodejs\\node.exe',
1 verbose cli   'D:\\Program Files\\nodejs\\node_modules\\npm\\bin\\npm-cli.js',
1 verbose cli   'run',
1 verbose cli   'watch' ]
2 info using npm@3.10.10
3 info using node@v7.3.0
4 verbose run-script [ 'prewatch', 'watch', 'postwatch' ]
5 info lifecycle marketing@1.0.0~prewatch: marketing@1.0.0
6 silly lifecycle marketing@1.0.0~prewatch: no script for prewatch, continuing
7 info lifecycle marketing@1.0.0~watch: marketing@1.0.0
8 verbose lifecycle marketing@1.0.0~watch: unsafe-perm in lifecycle true
9 verbose lifecycle marketing@1.0.0~watch: PATH: D:\Program Files\nodejs\node_modules\npm\bin\node-gyp-bin;F:\www\Marketing\node_modules\.bin;D:\cmder\bin;D:\cmder\vendor\conemu-maximus5\ConEmu\Scripts;D:\cmder\vendor\conemu-maximus5;D:\cmder\vendor\conemu-maximus5\ConEmu;C:\Program Files (x86)\NVIDIA Corporation\PhysX\Common;C:\Windows\system32;C:\Windows;C:\Windows\System32\Wbem;C:\Windows\System32\WindowsPowerShell\v1.0\;C:\Program Files (x86)\Intel\OpenCL SDK\2.0\bin\x86;C:\Program Files (x86)\Intel\OpenCL SDK\2.0\bin\x64;d:\Program Files\Git\cmd;D:\Program Files\nodejs\;D:\cmder;D:\Program Files\TortoiseSVN\bin;D:\Program Files\SlikSvn\bin;D:\Program Files\OpenVPN\bin;D:\Program Files\Java\jdk1.7.0_80\bin;d:\Ruby23-x64\bin;C:\Users\wanghao\AppData\Roaming\npm;.;;.;;.;;;d:\Program Files\Git\usr\bin;d:\Program Files\Git\usr\share\vim\vim74;D:\cmder\;.;
10 verbose lifecycle marketing@1.0.0~watch: CWD: F:\www\Marketing
11 silly lifecycle marketing@1.0.0~watch: Args: [ '/d /s /c',
11 silly lifecycle   'gulp --gulpfile=tools/gulpfile.js --color --watch' ]
12 silly lifecycle marketing@1.0.0~watch: Returned: code: 1  signal: null
13 info lifecycle marketing@1.0.0~watch: Failed to exec watch script
14 verbose stack Error: marketing@1.0.0 watch: `gulp --gulpfile=tools/gulpfile.js --color --watch`
14 verbose stack Exit status 1
14 verbose stack     at EventEmitter.<anonymous> (D:\Program Files\nodejs\node_modules\npm\lib\utils\lifecycle.js:255:16)
14 verbose stack     at emitTwo (events.js:106:13)
14 verbose stack     at EventEmitter.emit (events.js:191:7)
14 verbose stack     at ChildProcess.<anonymous> (D:\Program Files\nodejs\node_modules\npm\lib\utils\spawn.js:40:14)
14 verbose stack     at emitTwo (events.js:106:13)
14 verbose stack     at ChildProcess.emit (events.js:191:7)
14 verbose stack     at maybeClose (internal/child_process.js:885:16)
14 verbose stack     at Process.ChildProcess._handle.onexit (internal/child_process.js:226:5)
15 verbose pkgid marketing@1.0.0
16 verbose cwd F:\www\Marketing
17 error Windows_NT 6.1.7601
18 error argv "D:\\Program Files\\nodejs\\node.exe" "D:\\Program Files\\nodejs\\node_modules\\npm\\bin\\npm-cli.js" "run" "watch"
19 error node v7.3.0
20 error npm  v3.10.10
21 error code ELIFECYCLE
22 error marketing@1.0.0 watch: `gulp --gulpfile=tools/gulpfile.js --color --watch`
22 error Exit status 1
23 error Failed at the marketing@1.0.0 watch script 'gulp --gulpfile=tools/gulpfile.js --color --watch'.
23 error Make sure you have the latest version of node.js and npm installed.
23 error If you do, this is most likely a problem with the marketing package,
23 error not with npm itself.
23 error Tell the author that this fails on your system:
23 error     gulp --gulpfile=tools/gulpfile.js --color --watch
23 error You can get information on how to open an issue for this project with:
23 error     npm bugs marketing
23 error Or if that isn't available, you can get their info via:
23 error     npm owner ls marketing
23 error There is likely additional logging output above.
24 verbose exit [ 1, true ]
